build/outputs/apk/manifest-merger-debug-report.txt
-- Merging decision tree log ---
manifest
ADDED from AndroidManifest.xml:2:1
	xmlns:android
		ADDED from AndroidManifest.xml:2:11
	package
		ADDED from AndroidManifest.xml:3:7
	android:versionName
		ADDED from AndroidManifest.xml:5:7
	android:versionCode
		ADDED from AndroidManifest.xml:4:7
		INJECTED from AndroidManifest.xml:0:0
		INJECTED from AndroidManifest.xml:0:0
application
ADDED from AndroidManifest.xml:6:5
	android:label
		ADDED from AndroidManifest.xml:6:48
	android:icon
		ADDED from AndroidManifest.xml:6:18
activity#irdc.gallary.choose
ADDED from AndroidManifest.xml:7:9
	android:screenOrientation
		ADDED from AndroidManifest.xml:8:52
	android:label
		ADDED from AndroidManifest.xml:8:19
	android:name
		ADDED from AndroidManifest.xml:7:19
intent-filter#android.intent.action.MAIN+android.intent.category.LAUNCHER
ADDED from AndroidManifest.xml:9:13
action#android.intent.action.MAIN
ADDED from AndroidManifest.xml:10:17
	android:name
		ADDED from AndroidManifest.xml:10:25
category#android.intent.category.LAUNCHER
ADDED from AndroidManifest.xml:11:17
	android:name
		ADDED from AndroidManifest.xml:11:27
activity#irdc.gallary.gallary
ADDED from AndroidManifest.xml:14:9
	android:screenOrientation
		ADDED from AndroidManifest.xml:14:42
	android:name
		ADDED from AndroidManifest.xml:14:19
activity#irdc.gallary.SimIntro
ADDED from AndroidManifest.xml:15:9
	android:screenOrientation
		ADDED from AndroidManifest.xml:15:43
	android:name
		ADDED from AndroidManifest.xml:15:19
activity#irdc.gallary.Choose2
ADDED from AndroidManifest.xml:16:9
	android:screenOrientation
		ADDED from AndroidManifest.xml:16:42
	android:name
		ADDED from AndroidManifest.xml:16:19
activity#irdc.gallary.shuffle
ADDED from AndroidManifest.xml:17:9
	android:screenOrientation
		ADDED from AndroidManifest.xml:17:42
	android:name
		ADDED from AndroidManifest.xml:17:19
activity#irdc.gallary.editText
ADDED from AndroidManifest.xml:18:9
	android:screenOrientation
		ADDED from AndroidManifest.xml:18:43
	android:name
		ADDED from AndroidManifest.xml:18:19
activity#irdc.gallary.CardArray1
ADDED from AndroidManifest.xml:19:9
	android:screenOrientation
		ADDED from AndroidManifest.xml:19:46
	android:name
		ADDED from AndroidManifest.xml:19:19
activity#irdc.gallary.cardarray2
ADDED from AndroidManifest.xml:20:9
	android:screenOrientation
		ADDED from AndroidManifest.xml:20:45
	android:name
		ADDED from AndroidManifest.xml:20:19
activity#irdc.gallary.cardarray3
ADDED from AndroidManifest.xml:21:9
	android:screenOrientation
		ADDED from AndroidManifest.xml:21:45
	android:name
		ADDED from AndroidManifest.xml:21:19
uses-permission#android.permission.RESTART_PACKAGES
ADDED from AndroidManifest.xml:23:1
	android:name
		ADDED from AndroidManifest.xml:23:18
uses-permission#android.permission.INTERNET
ADDED from AndroidManifest.xml:25:1
	android:name
		ADDED from AndroidManifest.xml:25:18
uses-permission#android.permission.READ_PHONE_STATE
ADDED from AndroidManifest.xml:28:1
	android:name
		ADDED from AndroidManifest.xml:28:18
uses-permission#android.permission.WRITE_EXTERNAL_STORAGE
ADDED from AndroidManifest.xml:31:1
	android:name
		ADDED from AndroidManifest.xml:31:18
uses-permission#android.permission.ACCESS_FINE_LOCATION
ADDED from AndroidManifest.xml:35:1
	android:name
		ADDED from AndroidManifest.xml:35:18
uses-permission#android.permission.ACCESS_NETWORK_STATE
ADDED from AndroidManifest.xml:39:1
	android:name
		ADDED from AndroidManifest.xml:39:18
uses-sdk
ADDED from AndroidManifest.xml:40:5
	android:minSdkVersion
		ADDED from AndroidManifest.xml:40:15
uses-permission#android.permission.VIBRATE
ADDED from AndroidManifest.xml:41:5
	android:name
		ADDED from AndroidManifest.xml:41:22